<?xml version="1.0" encoding="UTF-8"?>
<!-- Generated by org.testng.reporters.JUnitXMLReporter -->
<testsuite ignored="2" hostname="AMAV1Q0509154" failures="0" tests="3" name="OrangeHRMLogin" time="35.192" errors="0" timestamp="2023-01-27T15:58:39 IST">
  <testcase classname="com.hyr.tests.OrangeHRM" name="LaunchApp" time="17.373"/>
  <testcase classname="com.hyr.tests.OrangeHRM" name="EnterLoginDetails" time="1.488"/>
  <testcase classname="com.hyr.tests.OrangeHRM" name="VerifyLogin" time="7.279"/>
  <testcase classname="com.hyr.tests.OrangeHRM" name="VerifyMyInfo" time="0.0">
    <ignored/>
  </testcase> <!-- VerifyMyInfo -->
  <testcase classname="com.hyr.tests.OrangeHRM" name="NavigateToMyInfo" time="0.0">
    <ignored/>
  </testcase> <!-- NavigateToMyInfo -->
</testsuite> <!-- OrangeHRMLogin -->
