<?xml version="1.0" encoding="UTF-8"?>
<!-- Generated by org.testng.reporters.JUnitXMLReporter -->
<testsuite ignored="1" hostname="AMAV1Q0509154" failures="0" tests="4" name="OrangeHRMMyInfo" time="34.907" errors="0" timestamp="2023-01-27T15:59:14 IST">
  <testcase classname="com.hyr.tests.OrangeHRM" name="LaunchApp" time="16.431"/>
  <testcase classname="com.hyr.tests.OrangeHRM" name="EnterLoginDetails" time="1.751"/>
  <testcase classname="com.hyr.tests.OrangeHRM" name="NavigateToMyInfo" time="9.293"/>
  <testcase classname="com.hyr.tests.OrangeHRM" name="VerifyMyInfo" time="2.438"/>
  <testcase classname="com.hyr.tests.OrangeHRM" name="VerifyLogin" time="0.0">
    <ignored/>
  </testcase> <!-- VerifyLogin -->
</testsuite> <!-- OrangeHRMMyInfo -->
