<?xml version="1.0" encoding="UTF-8"?>
<!-- Generated by org.testng.reporters.JUnitXMLReporter -->
<testsuite ignored="8" hostname="AMAV1Q0509154" failures="0" tests="4" name="Test" time="0.089" errors="0" timestamp="2023-01-29T19:07:04 IST">
  <testcase classname="com.hyr.groups.FirstTest" name="test1" time="0.017"/>
  <testcase classname="com.hyr.groups.FirstTest" name="test2" time="0.002"/>
  <testcase classname="com.hyr.groups.FirstTest" name="test3" time="0.001"/>
  <testcase classname="com.hyr.groups.FirstTest" name="test4" time="0.002"/>
  <testcase classname="com.hyr.groups.FirstTest3" name="test1" time="0.0">
    <ignored/>
  </testcase> <!-- test1 -->
  <testcase classname="com.hyr.groups.FirstTest2" name="test2" time="0.0">
    <ignored/>
  </testcase> <!-- test2 -->
  <testcase classname="com.hyr.groups.FirstTest2" name="test1" time="0.0">
    <ignored/>
  </testcase> <!-- test1 -->
  <testcase classname="com.hyr.groups.FirstTest2" name="test4" time="0.0">
    <ignored/>
  </testcase> <!-- test4 -->
  <testcase classname="com.hyr.groups.FirstTest2" name="test3" time="0.0">
    <ignored/>
  </testcase> <!-- test3 -->
  <testcase classname="com.hyr.groups.FirstTest3" name="test2" time="0.0">
    <ignored/>
  </testcase> <!-- test2 -->
  <testcase classname="com.hyr.groups.FirstTest3" name="test3" time="0.0">
    <ignored/>
  </testcase> <!-- test3 -->
  <testcase classname="com.hyr.groups.FirstTest3" name="test4" time="0.0">
    <ignored/>
  </testcase> <!-- test4 -->
</testsuite> <!-- Test -->
